# JRE version: OpenJDK Runtime Environment (8.0_242-b01) (build 1.8.0_242-release-1644-b01)
# Java VM: OpenJDK 64-Bit Server VM (25.242-b01 mixed mode windows-amd64 compressed oops)
Heap:
 PSYoungGen      total 424448K, used 113683K [0x00000000d5580000, 0x00000000f7f00000, 0x0000000100000000)
  eden space 408064K, 27% used [0x00000000d5580000,0x00000000dc484f00,0x00000000ee400000)
  from space 16384K, 0% used [0x00000000f6f00000,0x00000000f6f00000,0x00000000f7f00000)
  to   space 36352K, 0% used [0x00000000f4b80000,0x00000000f4b80000,0x00000000f6f00000)
 ParOldGen       total 176128K, used 147703K [0x0000000080000000, 0x000000008ac00000, 0x00000000d5580000)
  object space 176128K, 83% used [0x0000000080000000,0x000000008903df18,0x000000008ac00000)
 Metaspace       used 139999K, capacity 145712K, committed 146984K, reserved 1177600K
  class space    used 17619K, capacity 18665K, committed 18992K, reserved 1048576K
GC Heap History (10 events):
Event: 4115.800 GC heap before
{Heap before GC invocations=23 (full 4):
 PSYoungGen      total 495616K, used 495317K [0x00000000d5580000, 0x00000000fae80000, 0x0000000100000000)
  eden space 466432K, 100% used [0x00000000d5580000,0x00000000f1d00000,0x00000000f1d00000)
  from space 29184K, 98% used [0x00000000f9200000,0x00000000fae355b8,0x00000000fae80000)
  to   space 33792K, 0% used [0x00000000f6c80000,0x00000000f6c80000,0x00000000f8d80000)
 ParOldGen       total 167424K, used 81743K [0x0000000080000000, 0x000000008a380000, 0x00000000d5580000)
  object space 167424K, 48% used [0x0000000080000000,0x0000000084fd3ef0,0x000000008a380000)
 Metaspace       used 97830K, capacity 102668K, committed 102824K, reserved 1138688K
  class space    used 12561K, capacity 13452K, committed 13488K, reserved 1048576K
Event: 4115.846 GC heap after
Heap after GC invocations=23 (full 4):
 PSYoungGen      total 464384K, used 18258K [0x00000000d5580000, 0x00000000f9280000, 0x0000000100000000)
  eden space 445952K, 0% used [0x00000000d5580000,0x00000000d5580000,0x00000000f0900000)
  from space 18432K, 99% used [0x00000000f6c80000,0x00000000f7e54b30,0x00000000f7e80000)
  to   space 20480K, 0% used [0x00000000f7e80000,0x00000000f7e80000,0x00000000f9280000)
 ParOldGen       total 167424K, used 81751K [0x0000000080000000, 0x000000008a380000, 0x00000000d5580000)
  object space 167424K, 48% used [0x0000000080000000,0x0000000084fd5ef0,0x000000008a380000)
 Metaspace       used 97830K, capacity 102668K, committed 102824K, reserved 1138688K
  class space    used 12561K, capacity 13452K, committed 13488K, reserved 1048576K
}
Event: 4130.116 GC heap before
{Heap before GC invocations=24 (full 4):
 PSYoungGen      total 464384K, used 464210K [0x00000000d5580000, 0x00000000f9280000, 0x0000000100000000)
  eden space 445952K, 100% used [0x00000000d5580000,0x00000000f0900000,0x00000000f0900000)
  from space 18432K, 99% used [0x00000000f6c80000,0x00000000f7e54b30,0x00000000f7e80000)
  to   space 20480K, 0% used [0x00000000f7e80000,0x00000000f7e80000,0x00000000f9280000)
 ParOldGen       total 167424K, used 81751K [0x0000000080000000, 0x000000008a380000, 0x00000000d5580000)
  object space 167424K, 48% used [0x0000000080000000,0x0000000084fd5ef0,0x000000008a380000)
 Metaspace       used 102804K, capacity 108200K, committed 108328K, reserved 1142784K
  class space    used 13107K, capacity 14108K, committed 14128K, reserved 1048576K
Event: 4130.179 GC heap after
Heap after GC invocations=24 (full 4):
 PSYoungGen      total 446976K, used 20477K [0x00000000d5580000, 0x00000000f9280000, 0x0000000100000000)
  eden space 426496K, 0% used [0x00000000d5580000,0x00000000d5580000,0x00000000ef600000)
  from space 20480K, 99% used [0x00000000f7e80000,0x00000000f927f668,0x00000000f9280000)
  to   space 36352K, 0% used [0x00000000f4b80000,0x00000000f4b80000,0x00000000f6f00000)
 ParOldGen       total 167424K, used 89538K [0x0000000080000000, 0x000000008a380000, 0x00000000d5580000)
  object space 167424K, 53% used [0x0000000080000000,0x0000000085770840,0x000000008a380000)
 Metaspace       used 102804K, capacity 108200K, committed 108328K, reserved 1142784K
  class space    used 13107K, capacity 14108K, committed 14128K, reserved 1048576K
}
Event: 4158.816 GC heap before
{Heap before GC invocations=25 (full 4):
 PSYoungGen      total 446976K, used 446973K [0x00000000d5580000, 0x00000000f9280000, 0x0000000100000000)
  eden space 426496K, 100% used [0x00000000d5580000,0x00000000ef600000,0x00000000ef600000)
  from space 20480K, 99% used [0x00000000f7e80000,0x00000000f927f668,0x00000000f9280000)
  to   space 36352K, 0% used [0x00000000f4b80000,0x00000000f4b80000,0x00000000f6f00000)
 ParOldGen       total 167424K, used 89538K [0x0000000080000000, 0x000000008a380000, 0x00000000d5580000)
  object space 167424K, 53% used [0x0000000080000000,0x0000000085770840,0x000000008a380000)
 Metaspace       used 139975K, capacity 146062K, committed 146344K, reserved 1177600K
  class space    used 17691K, capacity 18845K, committed 18864K, reserved 1048576K
Event: 4158.925 GC heap after
Heap after GC invocations=25 (full 4):
 PSYoungGen      total 444416K, used 36348K [0x00000000d5580000, 0x00000000f7f00000, 0x0000000100000000)
  eden space 408064K, 0% used [0x00000000d5580000,0x00000000d5580000,0x00000000ee400000)
  from space 36352K, 99% used [0x00000000f4b80000,0x00000000f6eff0c0,0x00000000f6f00000)
  to   space 16384K, 0% used [0x00000000f6f00000,0x00000000f6f00000,0x00000000f7f00000)
 ParOldGen       total 167424K, used 128712K [0x0000000080000000, 0x000000008a380000, 0x00000000d5580000)
  object space 167424K, 76% used [0x0000000080000000,0x0000000087db23a0,0x000000008a380000)
 Metaspace       used 139975K, capacity 146062K, committed 146344K, reserved 1177600K
  class space    used 17691K, capacity 18845K, committed 18864K, reserved 1048576K
}
Event: 4162.170 GC heap before
{Heap before GC invocations=26 (full 4):
 PSYoungGen      total 444416K, used 444412K [0x00000000d5580000, 0x00000000f7f00000, 0x0000000100000000)
  eden space 408064K, 100% used [0x00000000d5580000,0x00000000ee400000,0x00000000ee400000)
  from space 36352K, 99% used [0x00000000f4b80000,0x00000000f6eff0c0,0x00000000f6f00000)
  to   space 16384K, 0% used [0x00000000f6f00000,0x00000000f6f00000,0x00000000f7f00000)
 ParOldGen       total 167424K, used 128712K [0x0000000080000000, 0x000000008a380000, 0x00000000d5580000)
  object space 167424K, 76% used [0x0000000080000000,0x0000000087db23a0,0x000000008a380000)
 Metaspace       used 140523K, capacity 146660K, committed 146984K, reserved 1177600K
  class space    used 17726K, capacity 18872K, committed 18992K, reserved 1048576K
Event: 4162.265 GC heap after
Heap after GC invocations=26 (full 4):
 PSYoungGen      total 424448K, used 16361K [0x00000000d5580000, 0x00000000f7f00000, 0x0000000100000000)
  eden space 408064K, 0% used [0x00000000d5580000,0x00000000d5580000,0x00000000ee400000)
  from space 16384K, 99% used [0x00000000f6f00000,0x00000000f7efa7a8,0x00000000f7f00000)
  to   space 36352K, 0% used [0x00000000f4b80000,0x00000000f4b80000,0x00000000f6f00000)
 ParOldGen       total 176128K, used 175867K [0x0000000080000000, 0x000000008ac00000, 0x00000000d5580000)
  object space 176128K, 99% used [0x0000000080000000,0x000000008abbecb8,0x000000008ac00000)
 Metaspace       used 140523K, capacity 146660K, committed 146984K, reserved 1177600K
  class space    used 17726K, capacity 18872K, committed 18992K, reserved 1048576K
}
Event: 4162.265 GC heap before
{Heap before GC invocations=27 (full 5):
 PSYoungGen      total 424448K, used 16361K [0x00000000d5580000, 0x00000000f7f00000, 0x0000000100000000)
  eden space 408064K, 0% used [0x00000000d5580000,0x00000000d5580000,0x00000000ee400000)
  from space 16384K, 99% used [0x00000000f6f00000,0x00000000f7efa7a8,0x00000000f7f00000)
  to   space 36352K, 0% used [0x00000000f4b80000,0x00000000f4b80000,0x00000000f6f00000)
 ParOldGen       total 176128K, used 175867K [0x0000000080000000, 0x000000008ac00000, 0x00000000d5580000)
  object space 176128K, 99% used [0x0000000080000000,0x000000008abbecb8,0x000000008ac00000)
 Metaspace       used 140523K, capacity 146660K, committed 146984K, reserved 1177600K
  class space    used 17726K, capacity 18872K, committed 18992K, reserved 1048576K
Event: 4163.091 GC heap after
Heap after GC invocations=27 (full 5):
 PSYoungGen      total 424448K, used 0K [0x00000000d5580000, 0x00000000f7f00000, 0x0000000100000000)
  eden space 408064K, 0% used [0x00000000d5580000,0x00000000d5580000,0x00000000ee400000)
  from space 16384K, 0% used [0x00000000f6f00000,0x00000000f6f00000,0x00000000f7f00000)
  to   space 36352K, 0% used [0x00000000f4b80000,0x00000000f4b80000,0x00000000f6f00000)
 ParOldGen       total 176128K, used 147703K [0x0000000080000000, 0x000000008ac00000, 0x00000000d5580000)
  object space 176128K, 83% used [0x0000000080000000,0x000000008903df18,0x000000008ac00000)
 Metaspace       used 139922K, capacity 145614K, committed 146984K, reserved 1177600K
  class space    used 17606K, capacity 18656K, committed 18992K, reserved 1048576K
}

